-------------------------------------------------------------------------------
Test set: org.test.RunCucumberTest
-------------------------------------------------------------------------------
Tests run: 128, Failures: 0, Errors: 1, Skipped: 0, Time elapsed: 1.585 s <<< FAILURE! - in org.test.RunCucumberTest
Product Catalog.Search and Filter Products  Time elapsed: 0.012 s  <<< ERROR!
java.lang.ClassCastException: class java.util.ImmutableCollections$ListN cannot be cast to class java.util.ArrayList (java.util.ImmutableCollections$ListN and java.util.ArrayList are in module java.base of loader 'bootstrap')
	at org.car.App.setProductArrayListBetweenState(App.java:351)
	at org.sates.SearchProductState.handleInput(SearchProductState.java:28)
	at org.test.ProductCatalogSteps.searches_for_a_product_with_product_name(ProductCatalogSteps.java:53)
	at âœ½.searches for a product with product name(file:///C:/Car%20Accessories/features/productCatalog.feature:18)

