<?xml version="1.0" encoding="UTF-8"?>
<testsuite xmlns:xsi="http://www.w3.org/2001/XMLSchema-instance" xsi:noNamespaceSchemaLocation="https://maven.apache.org/surefire/maven-surefire-plugin/xsd/surefire-test-report-3.0.xsd" version="3.0" name="org.test.RunCucumberTest" time="1.556" tests="133" errors="0" skipped="0" failures="0">
  <properties>
[...]
</properties>
  <testcase name="Confirm an appointment request" classname="Appointment Confirmation" time="0.225"/>
  <testcase name="Confirm an appointment request with invalid number #1" classname="Appointment Confirmation" time="0.016"/>
  <testcase name="Confirm an appointment request with invalid number #2" classname="Appointment Confirmation" time="0.014"/>
  <testcase name="Confirm an appointment request with invalid option" classname="Appointment Confirmation" time="0.012"/>
  <testcase name="Admin Dashboard page to Manage Products" classname="Admin Dashboard" time="0.013"/>
  <testcase name="Admin Dashboard page to Manage Categories" classname="Admin Dashboard" time="0.01"/>
  <testcase name="Admin Dashboard page to Manage User Accounts" classname="Admin Dashboard" time="0.01"/>
  <testcase name="Admin Dashboard page to Manage Installation Appointments" classname="Admin Dashboard" time="0.01"/>
  <testcase name="Admin Dashboard page to Log out" classname="Admin Dashboard" time="0.008"/>
  <testcase name="Invalid input admin dashboard #1" classname="Admin Dashboard" time="0.009"/>
  <testcase name="Invalid input admin dashboard #2" classname="Admin Dashboard" time="0.008"/>
  <testcase name="Invalid input admin dashboard #3" classname="Admin Dashboard" time="0.007"/>
  <testcase name="Invalid input admin dashboard #4" classname="Admin Dashboard" time="0.009"/>
  <testcase name="Add a new category #1" classname="Admin Dashboard" time="0.009"/>
  <testcase name="Add a new category #2" classname="Admin Dashboard" time="0.011"/>
  <testcase name="Add a new category #3" classname="Admin Dashboard" time="0.009"/>
  <testcase name="Add a category with invalid input #1" classname="Admin Dashboard" time="0.008"/>
  <testcase name="Add a category with invalid input #2" classname="Admin Dashboard" time="0.008"/>
  <testcase name="Add a category that already exists" classname="Admin Dashboard" time="0.008"/>
  <testcase name="Update an existing category #1" classname="Admin Dashboard" time="0.012"/>
  <testcase name="Update an existing category #2" classname="Admin Dashboard" time="0.008"/>
  <testcase name="Delete a category #1" classname="Admin Dashboard" time="0.008"/>
  <testcase name="Delete a category #2" classname="Admin Dashboard" time="0.008"/>
  <testcase name="Delete a non-existing category #1" classname="Admin Dashboard" time="0.008"/>
  <testcase name="Delete a non-existing category #2" classname="Admin Dashboard" time="0.007"/>
  <testcase name="Update a non-existing category #1" classname="Admin Dashboard" time="0.008"/>
  <testcase name="Update a non-existing category #2" classname="Admin Dashboard" time="0.009"/>
  <testcase name="Add a new product #1" classname="Admin Dashboard" time="0.011"/>
  <testcase name="Add a new product #2" classname="Admin Dashboard" time="0.008"/>
  <testcase name="Update an existing product #1" classname="Admin Dashboard" time="0.012"/>
  <testcase name="Update an existing product #2" classname="Admin Dashboard" time="0.007"/>
  <testcase name="Delete an existing product #1" classname="Admin Dashboard" time="0.009"/>
  <testcase name="Delete an existing product #2" classname="Admin Dashboard" time="0.006"/>
  <testcase name="Update the name or the phone to account #1" classname="Admin Dashboard" time="0.011"/>
  <testcase name="Update the name or the phone to account #2" classname="Admin Dashboard" time="0.009"/>
  <testcase name="Delete user account #1" classname="Admin Dashboard" time="0.01"/>
  <testcase name="Delete user account #2" classname="Admin Dashboard" time="0.009"/>
  <testcase name="View customer accounts" classname="Admin Dashboard" time="0.007"/>
  <testcase name="Schedule installation appointments #1" classname="Admin Dashboard" time="0.011"/>
  <testcase name="Schedule installation appointments #2" classname="Admin Dashboard" time="0.007"/>
  <testcase name="Schedule installation appointments Empty Data" classname="Admin Dashboard" time="0.006"/>
  <testcase name="Schedule installation appointments Invalid Date or Non-existent Account #1" classname="Admin Dashboard" time="0.007"/>
  <testcase name="Schedule installation appointments Invalid Date or Non-existent Account #2" classname="Admin Dashboard" time="0.007"/>
  <testcase name="Delete installation appointments" classname="Admin Dashboard" time="0.008"/>
  <testcase name="Update an appointment" classname="Admin Dashboard" time="0.007"/>
  <testcase name="Invalid option" classname="Admin Dashboard" time="0.007"/>
  <testcase name="Test nextPage Manage Appointment" classname="Admin Dashboard" time="0.008"/>
  <testcase name="Test previous page Manage Appointment" classname="Admin Dashboard" time="0.007"/>
  <testcase name="Test back from Manage Appointment" classname="Admin Dashboard" time="0.007"/>
  <testcase name="Test notification deletion" classname="Admin Dashboard" time="0.006"/>
  <testcase name="Test error handling #1" classname="Admin Dashboard" time="0.007"/>
  <testcase name="Test error handling #2" classname="Admin Dashboard" time="0.007"/>
  <testcase name="Test error handling #3" classname="Admin Dashboard" time="0.006"/>
  <testcase name="Test error handling #4" classname="Admin Dashboard" time="0.006"/>
  <testcase name="Customer Dashboard page to Product Catalog" classname="Customer Dashboard #1" time="0.007"/>
  <testcase name="Customer Dashboard page to Request Services" classname="Customer Dashboard #1" time="0.006"/>
  <testcase name="Customer Dashboard page to Profile Page" classname="Customer Dashboard #1" time="0.008"/>
  <testcase name="Customer Dashboard page to Notification Center" classname="Customer Dashboard #1" time="0.007"/>
  <testcase name="Customer Dashboard page to Log out" classname="Customer Dashboard #1" time="0.006"/>
  <testcase name="Invalid input customer dashboard #1" classname="Customer Dashboard #1" time="0.007"/>
  <testcase name="Invalid input customer dashboard #2" classname="Customer Dashboard #1" time="0.006"/>
  <testcase name="Invalid input customer dashboard #3" classname="Customer Dashboard #1" time="0.005"/>
  <testcase name="Invalid input customer dashboard #4" classname="Customer Dashboard #1" time="0.007"/>
  <testcase name="Make purchases #1" classname="Customer Dashboard #1" time="0.014"/>
  <testcase name="Make purchases #2" classname="Customer Dashboard #1" time="0.007"/>
  <testcase name="Make purchases #3" classname="Customer Dashboard #1" time="0.006"/>
  <testcase name="View orders history" classname="Customer Dashboard #1" time="0.008"/>
  <testcase name="Customer request installation service #1" classname="Customer Dashboard #1" time="0.007"/>
  <testcase name="Customer request installation service #2" classname="Customer Dashboard #1" time="0.008"/>
  <testcase name="Customer request installation service #3" classname="Customer Dashboard #1" time="0.007"/>
  <testcase name="Handle View installation history #1" classname="Customer Dashboard #1" time="0.006"/>
  <testcase name="Handle View installation history #2" classname="Customer Dashboard #1" time="0.005"/>
  <testcase name="Handle View installation history #3" classname="Customer Dashboard #1" time="0.007"/>
  <testcase name="Handle View order history #1" classname="Customer Dashboard #1" time="0.006"/>
  <testcase name="Handle View order history #2" classname="Customer Dashboard #1" time="0.006"/>
  <testcase name="Handle View order history #3" classname="Customer Dashboard #1" time="0.006"/>
  <testcase name="Installation Dashboard page to Schedule of Appointments" classname="Installation Dashboard" time="0.007"/>
  <testcase name="Installation Dashboard page to Installation requests" classname="Installation Dashboard" time="0.006"/>
  <testcase name="Installation Dashboard page to Notification Center" classname="Installation Dashboard" time="0.007"/>
  <testcase name="Installation Dashboard page to Log out" classname="Installation Dashboard" time="0.006"/>
  <testcase name="Invalid input Installation dashboard #1" classname="Installation Dashboard" time="0.006"/>
  <testcase name="Invalid input Installation dashboard #2" classname="Installation Dashboard" time="0.005"/>
  <testcase name="Invalid input Installation dashboard #3" classname="Installation Dashboard" time="0.006"/>
  <testcase name="Invalid input Installation dashboard #4" classname="Installation Dashboard" time="0.007"/>
  <testcase name="Confirm a Appointment" classname="Installation Dashboard" time="0.006"/>
  <testcase name="Delete a non-existing appointment #1" classname="Installation Dashboard" time="0.007"/>
  <testcase name="Delete a non-existing appointment #2" classname="Installation Dashboard" time="0.006"/>
  <testcase name="Enter an invalid option #1" classname="Installation Dashboard" time="0.007"/>
  <testcase name="Enter an invalid option #2" classname="Installation Dashboard" time="0.007"/>
  <testcase name="Successful Login" classname="User Login" time="0.007"/>
  <testcase name="Unsuccessful Login" classname="User Login" time="0.005"/>
  <testcase name="Invalid input type" classname="User Login" time="0.007"/>
  <testcase name="Test next page navigation" classname="Customer Dashboard #2" time="0.006"/>
  <testcase name="Test previous page navigation" classname="Customer Dashboard #2" time="0.006"/>
  <testcase name="Test dashboard navigation #1" classname="Customer Dashboard #2" time="0.007"/>
  <testcase name="Test dashboard navigation #2" classname="Customer Dashboard #2" time="0.005"/>
  <testcase name="Test notification deletion #1" classname="Customer Dashboard #2" time="0.006"/>
  <testcase name="Test notification deletion #2" classname="Customer Dashboard #2" time="0.006"/>
  <testcase name="Test error handling #1" classname="Customer Dashboard #2" time="0.007"/>
  <testcase name="Test error handling #2" classname="Customer Dashboard #2" time="0.005"/>
  <testcase name="Test error handling #3" classname="Customer Dashboard #2" time="0.009"/>
  <testcase name="Test error handling #4" classname="Customer Dashboard #2" time="0.005"/>
  <testcase name="View Categories" classname="Product Catalog" time="0.006"/>
  <testcase name="View Product Listings" classname="Product Catalog" time="0.006"/>
  <testcase name="Search and Filter Products" classname="Product Catalog" time="0.007"/>
  <testcase name="Handle View Products #1" classname="Product Catalog" time="0.005"/>
  <testcase name="Handle View Products #2" classname="Product Catalog" time="0.007"/>
  <testcase name="Handle View Products #3" classname="Product Catalog" time="0.006"/>
  <testcase name="Successful Sign Up" classname="User Sign Up" time="0.008"/>
  <testcase name="Unsuccessful Sign Up" classname="User Sign Up" time="0.005"/>
  <testcase name="Invalid input type" classname="User Sign Up" time="0.005"/>
  <testcase name="Sign Up with valid email but short full name" classname="User Sign Up" time="0.006"/>
  <testcase name="Sign Up with valid email but long full name" classname="User Sign Up" time="0.006"/>
  <testcase name="Sign Up with valid email but short password" classname="User Sign Up" time="0.006"/>
  <testcase name="Sign Up with valid email but long password" classname="User Sign Up" time="0.005"/>
  <testcase name="Sign Up with valid email but invalid phone number" classname="User Sign Up" time="0.005"/>
  <testcase name="Go to login page" classname="Navigation" time="0.006"/>
  <testcase name="Go to signup page" classname="Navigation" time="0.005"/>
  <testcase name="exit from the app" classname="Navigation" time="0.006"/>
  <testcase name="Invalid input #1" classname="Navigation" time="0.006"/>
  <testcase name="Invalid input #2" classname="Navigation" time="0.006"/>
  <testcase name="Invalid input #3" classname="Navigation" time="0.006"/>
  <testcase name="Invalid input #4" classname="Navigation" time="0.006"/>
  <testcase name="profile page to Edit profile" classname="User Profile" time="0.006"/>
  <testcase name="profile page to view order history" classname="User Profile" time="0.005"/>
  <testcase name="profile page to view installation history" classname="User Profile" time="0.005"/>
  <testcase name="profile page to back to customer dashboard" classname="User Profile" time="0.006"/>
  <testcase name="Customer can edit their profile" classname="User Profile" time="0.008"/>
  <testcase name="Customers can view order history" classname="User Profile" time="0.006"/>
  <testcase name="Customers can view installation requests" classname="User Profile" time="0.005"/>
  <testcase name="Admin role" classname="User Roles" time="0.005"/>
  <testcase name="Customer role" classname="User Roles" time="0.006"/>
  <testcase name="Installer role" classname="User Roles" time="0.005"/>
</testsuite>